<?xml version="1.0" encoding="UTF-8"?>
<!-- Generated by org.testng.reporters.JUnitReportReporter -->
<testsuite skipped="0" hostname="Ultron-2.local" name="com.webservice.services.Service" tests="1" failures="0" timestamp="07 Dec 2017 12:56:40 GMT" time="7.412" errors="0">
  <testcase name="login" time="7.412" classname="com.webservice.services.Service"/>
</testsuite> <!-- com.webservice.services.Service -->
